{"message":"cannot find attribute `wasm_bindgen` in this scope","code":null,"level":"error","spans":[{"file_name":"src/main.rs","byte_start":524,"byte_end":536,"line_start":26,"line_end":26,"column_start":3,"column_end":15,"is_primary":true,"text":[{"text":"#[wasm_bindgen(start)]","highlight_start":3,"highlight_end":15}],"label":null,"suggested_replacement":null,"suggestion_applicability":null,"expansion":null}],"children":[{"message":"consider importing this attribute macro:\nwasm_bindgen::prelude::wasm_bindgen","code":null,"level":"note","spans":[],"children":[],"rendered":null},{"message":"`wasm_bindgen` is in scope, but it is a crate, not an attribute","code":null,"level":"note","spans":[],"children":[],"rendered":null}],"rendered":"\u001b[0m\u001b[1m\u001b[38;5;9merror\u001b[0m\u001b[0m\u001b[1m: cannot find attribute `wasm_bindgen` in this scope\u001b[0m\n\u001b[0m  \u001b[0m\u001b[0m\u001b[1m\u001b[38;5;12m--> \u001b[0m\u001b[0msrc/main.rs:26:3\u001b[0m\n\u001b[0m   \u001b[0m\u001b[0m\u001b[1m\u001b[38;5;12m|\u001b[0m\n\u001b[0m\u001b[1m\u001b[38;5;12m26\u001b[0m\u001b[0m \u001b[0m\u001b[0m\u001b[1m\u001b[38;5;12m| \u001b[0m\u001b[0m#[wasm_bindgen(start)]\u001b[0m\n\u001b[0m   \u001b[0m\u001b[0m\u001b[1m\u001b[38;5;12m| \u001b[0m\u001b[0m  \u001b[0m\u001b[0m\u001b[1m\u001b[38;5;9m^^^^^^^^^^^^\u001b[0m\n\u001b[0m   \u001b[0m\u001b[0m\u001b[1m\u001b[38;5;12m|\u001b[0m\n\u001b[0m   \u001b[0m\u001b[0m\u001b[1m\u001b[38;5;12m= \u001b[0m\u001b[0m\u001b[1mnote\u001b[0m\u001b[0m: consider importing this attribute macro:\u001b[0m\n\u001b[0m           wasm_bindgen::prelude::wasm_bindgen\u001b[0m\n\u001b[0m   \u001b[0m\u001b[0m\u001b[1m\u001b[38;5;12m= \u001b[0m\u001b[0m\u001b[1mnote\u001b[0m\u001b[0m: `wasm_bindgen` is in scope, but it is a crate, not an attribute\u001b[0m\n\n"}
{"message":"failed to resolve: could not find `App` in `yew`","code":{"code":"E0433","explanation":"An undeclared crate, module, or type was used.\n\nErroneous code example:\n\n```compile_fail,E0433\nlet map = HashMap::new();\n// error: failed to resolve: use of undeclared type `HashMap`\n```\n\nPlease verify you didn't misspell the type/module's name or that you didn't\nforget to import it:\n\n```\nuse std::collections::HashMap; // HashMap has been imported.\nlet map: HashMap<u32, u32> = HashMap::new(); // So it can be used!\n```\n\nIf you've expected to use a crate name:\n\n```compile_fail\nuse ferris_wheel::BigO;\n// error: failed to resolve: use of undeclared crate or module `ferris_wheel`\n```\n\nMake sure the crate has been added as a dependency in `Cargo.toml`.\n\nTo use a module from your current crate, add the `crate::` prefix to the path.\n"},"level":"error","spans":[{"file_name":"src/main.rs","byte_start":573,"byte_end":576,"line_start":28,"line_end":28,"column_start":10,"column_end":13,"is_primary":true,"text":[{"text":"    yew::App::<App>::new().mount_to_body();","highlight_start":10,"highlight_end":13}],"label":"could not find `App` in `yew`","suggested_replacement":null,"suggestion_applicability":null,"expansion":null}],"children":[],"rendered":"\u001b[0m\u001b[1m\u001b[38;5;9merror[E0433]\u001b[0m\u001b[0m\u001b[1m: failed to resolve: could not find `App` in `yew`\u001b[0m\n\u001b[0m  \u001b[0m\u001b[0m\u001b[1m\u001b[38;5;12m--> \u001b[0m\u001b[0msrc/main.rs:28:10\u001b[0m\n\u001b[0m   \u001b[0m\u001b[0m\u001b[1m\u001b[38;5;12m|\u001b[0m\n\u001b[0m\u001b[1m\u001b[38;5;12m28\u001b[0m\u001b[0m \u001b[0m\u001b[0m\u001b[1m\u001b[38;5;12m| \u001b[0m\u001b[0m    yew::App::<App>::new().mount_to_body();\u001b[0m\n\u001b[0m   \u001b[0m\u001b[0m\u001b[1m\u001b[38;5;12m| \u001b[0m\u001b[0m         \u001b[0m\u001b[0m\u001b[1m\u001b[38;5;9m^^^\u001b[0m\u001b[0m \u001b[0m\u001b[0m\u001b[1m\u001b[38;5;9mcould not find `App` in `yew`\u001b[0m\n\n"}
{"message":"method `view` has 1 parameter but the declaration in trait `view` has 2","code":{"code":"E0050","explanation":"An attempted implementation of a trait method has the wrong number of function\nparameters.\n\nErroneous code example:\n\n```compile_fail,E0050\ntrait Foo {\n    fn foo(&self, x: u8) -> bool;\n}\n\nstruct Bar;\n\n// error: method `foo` has 1 parameter but the declaration in trait `Foo::foo`\n// has 2\nimpl Foo for Bar {\n    fn foo(&self) -> bool { true }\n}\n```\n\nFor example, the `Foo` trait has a method `foo` with two function parameters\n(`&self` and `u8`), but the implementation of `foo` for the type `Bar` omits\nthe `u8` parameter. To fix this error, they must have the same parameters:\n\n```\ntrait Foo {\n    fn foo(&self, x: u8) -> bool;\n}\n\nstruct Bar;\n\nimpl Foo for Bar {\n    fn foo(&self, x: u8) -> bool { // ok!\n        true\n    }\n}\n```\n"},"level":"error","spans":[{"file_name":"src/main.rs","byte_start":127,"byte_end":132,"line_start":8,"line_end":8,"column_start":13,"column_end":18,"is_primary":true,"text":[{"text":"    fn view(&self) -> Html {","highlight_start":13,"highlight_end":18}],"label":"expected 2 parameters, found 1","suggested_replacement":null,"suggestion_applicability":null,"expansion":null}],"children":[{"message":"`view` from trait: `fn(&Self, &yew::Context<Self>) -> VNode`","code":null,"level":"note","spans":[],"children":[],"rendered":null}],"rendered":"\u001b[0m\u001b[1m\u001b[38;5;9merror[E0050]\u001b[0m\u001b[0m\u001b[1m: method `view` has 1 parameter but the declaration in trait `view` has 2\u001b[0m\n\u001b[0m \u001b[0m\u001b[0m\u001b[1m\u001b[38;5;12m--> \u001b[0m\u001b[0msrc/main.rs:8:13\u001b[0m\n\u001b[0m  \u001b[0m\u001b[0m\u001b[1m\u001b[38;5;12m|\u001b[0m\n\u001b[0m\u001b[1m\u001b[38;5;12m8\u001b[0m\u001b[0m \u001b[0m\u001b[0m\u001b[1m\u001b[38;5;12m| \u001b[0m\u001b[0m    fn view(&self) -> Html {\u001b[0m\n\u001b[0m  \u001b[0m\u001b[0m\u001b[1m\u001b[38;5;12m| \u001b[0m\u001b[0m            \u001b[0m\u001b[0m\u001b[1m\u001b[38;5;9m^^^^^\u001b[0m\u001b[0m \u001b[0m\u001b[0m\u001b[1m\u001b[38;5;9mexpected 2 parameters, found 1\u001b[0m\n\u001b[0m  \u001b[0m\u001b[0m\u001b[1m\u001b[38;5;12m|\u001b[0m\n\u001b[0m  \u001b[0m\u001b[0m\u001b[1m\u001b[38;5;12m= \u001b[0m\u001b[0m\u001b[1mnote\u001b[0m\u001b[0m: `view` from trait: `\u001b[0m\u001b[0m\u001b[1mfn(&Self, &yew::Context<Self>) -> VNode\u001b[0m\u001b[0m`\u001b[0m\n\n"}
{"message":"aborting due to 3 previous errors","code":null,"level":"error","spans":[],"children":[],"rendered":"\u001b[0m\u001b[1m\u001b[38;5;9merror\u001b[0m\u001b[0m\u001b[1m: aborting due to 3 previous errors\u001b[0m\n\n"}
{"message":"Some errors have detailed explanations: E0050, E0433.","code":null,"level":"failure-note","spans":[],"children":[],"rendered":"\u001b[0m\u001b[1mSome errors have detailed explanations: E0050, E0433.\u001b[0m\n"}
{"message":"For more information about an error, try `rustc --explain E0050`.","code":null,"level":"failure-note","spans":[],"children":[],"rendered":"\u001b[0m\u001b[1mFor more information about an error, try `rustc --explain E0050`.\u001b[0m\n"}
